{"C:\\Users\\lyan.grmorales\\Desktop\\Aula\\Web_Developer\\Uc9\\Aula0\\test-unit 002\\scr\\index.js": {"path":"C:\\Users\\lyan.grmorales\\Desktop\\Aula\\Web_Developer\\Uc9\\Aula0\\test-unit 002\\scr\\index.js","all":false,"statementMap":{"0":{"start":{"line":1,"column":0},"end":{"line":1,"column":34}},"1":{"start":{"line":2,"column":0},"end":{"line":2,"column":30}},"2":{"start":{"line":3,"column":0},"end":{"line":3,"column":29}},"3":{"start":{"line":4,"column":0},"end":{"line":4,"column":2}},"4":{"start":{"line":5,"column":0},"end":{"line":5,"column":0}},"5":{"start":{"line":6,"column":0},"end":{"line":6,"column":32}}},"s":{"0":2,"1":2,"2":2,"3":2,"4":1,"5":1},"branchMap":{"0":{"type":"branch","line":1,"loc":{"start":{"line":1,"column":0},"end":{"line":4,"column":2}},"locations":[{"start":{"line":1,"column":0},"end":{"line":4,"column":2}}]},"1":{"type":"branch","line":2,"loc":{"start":{"line":2,"column":21},"end":{"line":3,"column":16}},"locations":[{"start":{"line":2,"column":21},"end":{"line":3,"column":16}}]}},"b":{"0":[2],"1":[1]},"fnMap":{"0":{"name":"aplDescont","decl":{"start":{"line":1,"column":0},"end":{"line":4,"column":2}},"loc":{"start":{"line":1,"column":0},"end":{"line":4,"column":2}},"line":1}},"f":{"0":2}}
}
